# JRE version: Java(TM) SE Runtime Environment (17.0.2+8) (build 17.0.2+8-LTS-86)
# Java VM: Java HotSpot(TM) 64-Bit Server VM (17.0.2+8-LTS-86, mixed mode, sharing, tiered, compressed oops, compressed class ptrs, g1 gc, windows-amd64)
GC Precious Log:
 CPUs: 8 total, 8 available
 Memory: 8025M
 Large Page Support: Disabled
 NUMA Support: Disabled
 Compressed Oops: Enabled (32-bit)
 Heap Region Size: 1M
 Heap Min Capacity: 256M
 Heap Initial Capacity: 256M
 Heap Max Capacity: 512M
 Pre-touch: Disabled
 Parallel Workers: 8
 Concurrent Workers: 2
 Concurrent Refinement Workers: 8
 Periodic GC: Disabled
Heap:
 garbage-first heap   total 262144K, used 215181K [0x00000000e0000000, 0x0000000100000000)
  region size 1024K, 92 young (94208K), 12 survivors (12288K)
 Metaspace       used 83593K, committed 84416K, reserved 389120K
  class space    used 11447K, committed 11840K, reserved 315392K
GC Heap History (20 events):
Event: 1.565 GC heap before
{Heap before GC invocations=0 (full 0):
 garbage-first heap   total 262144K, used 26624K [0x00000000e0000000, 0x0000000100000000)
  region size 1024K, 23 young (23552K), 0 survivors (0K)
 Metaspace       used 3077K, committed 3200K, reserved 323584K
  class space    used 393K, committed 448K, reserved 315392K
}
Event: 1.573 GC heap after
{Heap after GC invocations=1 (full 0):
 garbage-first heap   total 262144K, used 10443K [0x00000000e0000000, 0x0000000100000000)
  region size 1024K, 3 young (3072K), 3 survivors (3072K)
 Metaspace       used 3077K, committed 3200K, reserved 323584K
  class space    used 393K, committed 448K, reserved 315392K
}
Event: 3.413 GC heap before
{Heap before GC invocations=1 (full 0):
 garbage-first heap   total 262144K, used 37067K [0x00000000e0000000, 0x0000000100000000)
  region size 1024K, 29 young (29696K), 3 survivors (3072K)
 Metaspace       used 4004K, committed 4160K, reserved 323584K
  class space    used 490K, committed 576K, reserved 315392K
}
Event: 3.419 GC heap after
{Heap after GC invocations=2 (full 0):
 garbage-first heap   total 262144K, used 12085K [0x00000000e0000000, 0x0000000100000000)
  region size 1024K, 2 young (2048K), 2 survivors (2048K)
 Metaspace       used 4004K, committed 4160K, reserved 323584K
  class space    used 490K, committed 576K, reserved 315392K
}
Event: 7.702 GC heap before
{Heap before GC invocations=2 (full 0):
 garbage-first heap   total 262144K, used 158517K [0x00000000e0000000, 0x0000000100000000)
  region size 1024K, 119 young (121856K), 2 survivors (2048K)
 Metaspace       used 21199K, committed 21504K, reserved 339968K
  class space    used 3181K, committed 3328K, reserved 315392K
}
Event: 7.714 GC heap after
{Heap after GC invocations=3 (full 0):
 garbage-first heap   total 262144K, used 52427K [0x00000000e0000000, 0x0000000100000000)
  region size 1024K, 14 young (14336K), 14 survivors (14336K)
 Metaspace       used 21199K, committed 21504K, reserved 339968K
  class space    used 3181K, committed 3328K, reserved 315392K
}
Event: 10.360 GC heap before
{Heap before GC invocations=4 (full 0):
 garbage-first heap   total 262144K, used 168139K [0x00000000e0000000, 0x0000000100000000)
  region size 1024K, 124 young (126976K), 14 survivors (14336K)
 Metaspace       used 35653K, committed 36096K, reserved 348160K
  class space    used 4964K, committed 5184K, reserved 315392K
}
Event: 10.376 GC heap after
{Heap after GC invocations=5 (full 0):
 garbage-first heap   total 262144K, used 61309K [0x00000000e0000000, 0x0000000100000000)
  region size 1024K, 9 young (9216K), 9 survivors (9216K)
 Metaspace       used 35653K, committed 36096K, reserved 348160K
  class space    used 4964K, committed 5184K, reserved 315392K
}
Event: 12.899 GC heap before
{Heap before GC invocations=6 (full 0):
 garbage-first heap   total 262144K, used 190333K [0x00000000e0000000, 0x0000000100000000)
  region size 1024K, 131 young (134144K), 9 survivors (9216K)
 Metaspace       used 48001K, committed 48576K, reserved 364544K
  class space    used 6719K, committed 6976K, reserved 315392K
}
Event: 12.913 GC heap after
{Heap after GC invocations=7 (full 0):
 garbage-first heap   total 262144K, used 72705K [0x00000000e0000000, 0x0000000100000000)
  region size 1024K, 17 young (17408K), 17 survivors (17408K)
 Metaspace       used 48001K, committed 48576K, reserved 364544K
  class space    used 6719K, committed 6976K, reserved 315392K
}
Event: 18.461 GC heap before
{Heap before GC invocations=7 (full 0):
 garbage-first heap   total 262144K, used 223233K [0x00000000e0000000, 0x0000000100000000)
  region size 1024K, 138 young (141312K), 17 survivors (17408K)
 Metaspace       used 59196K, committed 59904K, reserved 372736K
  class space    used 8334K, committed 8704K, reserved 315392K
}
Event: 18.483 GC heap after
{Heap after GC invocations=8 (full 0):
 garbage-first heap   total 262144K, used 113354K [0x00000000e0000000, 0x0000000100000000)
  region size 1024K, 18 young (18432K), 18 survivors (18432K)
 Metaspace       used 59196K, committed 59904K, reserved 372736K
  class space    used 8334K, committed 8704K, reserved 315392K
}
Event: 18.846 GC heap before
{Heap before GC invocations=8 (full 0):
 garbage-first heap   total 262144K, used 127690K [0x00000000e0000000, 0x0000000100000000)
  region size 1024K, 33 young (33792K), 18 survivors (18432K)
 Metaspace       used 59586K, committed 60288K, reserved 372736K
  class space    used 8346K, committed 8704K, reserved 315392K
}
Event: 18.857 GC heap after
{Heap after GC invocations=9 (full 0):
 garbage-first heap   total 262144K, used 116600K [0x00000000e0000000, 0x0000000100000000)
  region size 1024K, 3 young (3072K), 3 survivors (3072K)
 Metaspace       used 59586K, committed 60288K, reserved 372736K
  class space    used 8346K, committed 8704K, reserved 315392K
}
Event: 21.829 GC heap before
{Heap before GC invocations=10 (full 0):
 garbage-first heap   total 262144K, used 209784K [0x00000000e0000000, 0x0000000100000000)
  region size 1024K, 95 young (97280K), 3 survivors (3072K)
 Metaspace       used 69635K, committed 70336K, reserved 380928K
  class space    used 9510K, committed 9856K, reserved 315392K
}
Event: 21.840 GC heap after
{Heap after GC invocations=11 (full 0):
 garbage-first heap   total 262144K, used 123388K [0x00000000e0000000, 0x0000000100000000)
  region size 1024K, 10 young (10240K), 10 survivors (10240K)
 Metaspace       used 69635K, committed 70336K, reserved 380928K
  class space    used 9510K, committed 9856K, reserved 315392K
}
Event: 23.254 GC heap before
{Heap before GC invocations=11 (full 0):
 garbage-first heap   total 262144K, used 213500K [0x00000000e0000000, 0x0000000100000000)
  region size 1024K, 96 young (98304K), 10 survivors (10240K)
 Metaspace       used 73838K, committed 74560K, reserved 380928K
  class space    used 9941K, committed 10304K, reserved 315392K
}
Event: 23.266 GC heap after
{Heap after GC invocations=12 (full 0):
 garbage-first heap   total 262144K, used 125757K [0x00000000e0000000, 0x0000000100000000)
  region size 1024K, 6 young (6144K), 6 survivors (6144K)
 Metaspace       used 73838K, committed 74560K, reserved 380928K
  class space    used 9941K, committed 10304K, reserved 315392K
}
Event: 24.875 GC heap before
{Heap before GC invocations=12 (full 0):
 garbage-first heap   total 262144K, used 211773K [0x00000000e0000000, 0x0000000100000000)
  region size 1024K, 91 young (93184K), 6 survivors (6144K)
 Metaspace       used 77353K, committed 78144K, reserved 389120K
  class space    used 10441K, committed 10816K, reserved 315392K
}
Event: 24.886 GC heap after
{Heap after GC invocations=13 (full 0):
 garbage-first heap   total 262144K, used 132237K [0x00000000e0000000, 0x0000000100000000)
  region size 1024K, 12 young (12288K), 12 survivors (12288K)
 Metaspace       used 77353K, committed 78144K, reserved 389120K
  class space    used 10441K, committed 10816K, reserved 315392K
}

